<?xml version="1.0" encoding="UTF-8"?>
<testsuite xmlns:xsi="http://www.w3.org/2001/XMLSchema-instance" xsi:noNamespaceSchemaLocation="https://maven.apache.org/surefire/maven-surefire-plugin/xsd/surefire-test-report-3.0.xsd" version="3.0" name="com.proj.services.TestCases" time="0.044" tests="9" errors="0" skipped="0" failures="0">
  <properties>
[...]
</properties>
  <testcase name="subTest0" classname="com.proj.services.TestCases" time="0"/>
  <testcase name="subTest1" classname="com.proj.services.TestCases" time="0"/>
  <testcase name="addTest0" classname="com.proj.services.TestCases" time="0"/>
  <testcase name="addTest1" classname="com.proj.services.TestCases" time="0"/>
  <testcase name="divTest0" classname="com.proj.services.TestCases" time="0"/>
  <testcase name="divTest1" classname="com.proj.services.TestCases" time="0"/>
  <testcase name="divTest2" classname="com.proj.services.TestCases" time="0"/>
  <testcase name="mulTest0" classname="com.proj.services.TestCases" time="0"/>
  <testcase name="mulTest1" classname="com.proj.services.TestCases" time="0"/>
</testsuite>